<?xml version="1.0" encoding="utf-8"?>
<equip>
  <invnumber id="in">21230-33</invnumber>
  <equipkind id="ek">12</equipkind>
  <status id="s">32</status>
  <state id="st">stored</state>
  <org id="org">92</org>
</equip>
